<?xml version="1.0" encoding="UTF-8"?>
<robot generator="Robot 6.0.2 (Python 3.11.3 on win32)" generated="20230418 15:53:35.988" rpa="false" schemaversion="3">
<suite id="s1" name="Firsttest" source="C:\Users\ib\Desktop\projet JAVA\ProjetRobotFramework\firsttest.robot">
<test id="s1-t1" name="Test de connexion OK" line="11">
<kw name="Open Browser" library="SeleniumLibrary" type="SETUP">
<arg>${monURL}</arg>
<arg>chrome</arg>
<doc>Opens a new browser instance to the optional ``url``.</doc>
<msg timestamp="20230418 15:53:36.436" level="INFO">Opening browser 'chrome' to base url 'https://www.saucedemo.com/'.</msg>
<status status="PASS" starttime="20230418 15:53:36.435" endtime="20230418 15:53:38.737"/>
</kw>
<kw name="connexion">
<arg>standard_user</arg>
<arg>secret_sauce</arg>
<kw name="Input Text" library="SeleniumLibrary">
<arg>id:user-name</arg>
<arg>${username}</arg>
<doc>Types the given ``text`` into the text field identified by ``locator``.</doc>
<msg timestamp="20230418 15:53:38.740" level="INFO">Typing text 'standard_user' into text field 'id:user-name'.</msg>
<status status="PASS" starttime="20230418 15:53:38.739" endtime="20230418 15:53:39.013"/>
</kw>
<kw name="Input Password" library="SeleniumLibrary">
<arg>id:password</arg>
<arg>${password}</arg>
<doc>Types the given password into the text field identified by ``locator``.</doc>
<msg timestamp="20230418 15:53:39.015" level="INFO">Typing password into text field 'id:password'.</msg>
<msg timestamp="20230418 15:53:39.117" level="INFO">Temporally setting log level to: NONE</msg>
<msg timestamp="20230418 15:53:39.267" level="INFO">Log level changed from NONE to INFO.</msg>
<status status="PASS" starttime="20230418 15:53:39.013" endtime="20230418 15:53:39.267"/>
</kw>
<kw name="Click Button" library="SeleniumLibrary">
<arg>id:login-button</arg>
<doc>Clicks the button identified by ``locator``.</doc>
<msg timestamp="20230418 15:53:39.269" level="INFO">Clicking button 'id:login-button'.</msg>
<status status="PASS" starttime="20230418 15:53:39.267" endtime="20230418 15:53:39.563"/>
</kw>
<status status="PASS" starttime="20230418 15:53:38.738" endtime="20230418 15:53:39.564"/>
</kw>
<kw name="verifier l'affichage de la page Products">
<kw name="Page Should Contain Element" library="SeleniumLibrary">
<arg>xpath://span[contains(text(),'Products')]</arg>
<doc>Verifies that element ``locator`` is found on the current page.</doc>
<msg timestamp="20230418 15:53:39.607" level="INFO">Current page contains element 'xpath://span[contains(text(),'Products')]'.</msg>
<status status="PASS" starttime="20230418 15:53:39.565" endtime="20230418 15:53:39.607"/>
</kw>
<status status="PASS" starttime="20230418 15:53:39.565" endtime="20230418 15:53:39.607"/>
</kw>
<kw name="Close Browser" library="SeleniumLibrary" type="TEARDOWN">
<doc>Closes the current browser.</doc>
<status status="PASS" starttime="20230418 15:53:39.607" endtime="20230418 15:53:41.860"/>
</kw>
<status status="PASS" starttime="20230418 15:53:36.434" endtime="20230418 15:53:41.861"/>
</test>
<test id="s1-t2" name="Test de connexion utilisateur bloqué" line="15">
<kw name="Open Browser" library="SeleniumLibrary" type="SETUP">
<arg>${monURL}</arg>
<arg>chrome</arg>
<doc>Opens a new browser instance to the optional ``url``.</doc>
<msg timestamp="20230418 15:53:41.869" level="INFO">Opening browser 'chrome' to base url 'https://www.saucedemo.com/'.</msg>
<status status="PASS" starttime="20230418 15:53:41.867" endtime="20230418 15:53:44.091"/>
</kw>
<kw name="connexion">
<arg>locked_out_user</arg>
<arg>secret_sauce</arg>
<kw name="Input Text" library="SeleniumLibrary">
<arg>id:user-name</arg>
<arg>${username}</arg>
<doc>Types the given ``text`` into the text field identified by ``locator``.</doc>
<msg timestamp="20230418 15:53:44.093" level="INFO">Typing text 'locked_out_user' into text field 'id:user-name'.</msg>
<status status="PASS" starttime="20230418 15:53:44.092" endtime="20230418 15:53:44.358"/>
</kw>
<kw name="Input Password" library="SeleniumLibrary">
<arg>id:password</arg>
<arg>${password}</arg>
<doc>Types the given password into the text field identified by ``locator``.</doc>
<msg timestamp="20230418 15:53:44.359" level="INFO">Typing password into text field 'id:password'.</msg>
<msg timestamp="20230418 15:53:44.481" level="INFO">Temporally setting log level to: NONE</msg>
<msg timestamp="20230418 15:53:44.630" level="INFO">Log level changed from NONE to INFO.</msg>
<status status="PASS" starttime="20230418 15:53:44.358" endtime="20230418 15:53:44.630"/>
</kw>
<kw name="Click Button" library="SeleniumLibrary">
<arg>id:login-button</arg>
<doc>Clicks the button identified by ``locator``.</doc>
<msg timestamp="20230418 15:53:44.631" level="INFO">Clicking button 'id:login-button'.</msg>
<status status="PASS" starttime="20230418 15:53:44.631" endtime="20230418 15:53:44.812"/>
</kw>
<status status="PASS" starttime="20230418 15:53:44.091" endtime="20230418 15:53:44.812"/>
</kw>
<kw name="Page Should Contain" library="SeleniumLibrary">
<arg>Epic sadface: Sorry, this user has been locked out.</arg>
<doc>Verifies that current page contains ``text``.</doc>
<msg timestamp="20230418 15:53:44.857" level="INFO">Current page contains text 'Epic sadface: Sorry, this user has been locked out.'.</msg>
<status status="PASS" starttime="20230418 15:53:44.814" endtime="20230418 15:53:44.857"/>
</kw>
<kw name="Close Browser" library="SeleniumLibrary" type="TEARDOWN">
<doc>Closes the current browser.</doc>
<status status="PASS" starttime="20230418 15:53:44.857" endtime="20230418 15:53:47.115"/>
</kw>
<status status="PASS" starttime="20230418 15:53:41.865" endtime="20230418 15:53:47.116"/>
</test>
<test id="s1-t3" name="Test connexion identifiant invalid" line="23">
<kw name="Open Browser" library="SeleniumLibrary" type="SETUP">
<arg>${monURL}</arg>
<arg>chrome</arg>
<doc>Opens a new browser instance to the optional ``url``.</doc>
<msg timestamp="20230418 15:53:47.123" level="INFO">Opening browser 'chrome' to base url 'https://www.saucedemo.com/'.</msg>
<status status="PASS" starttime="20230418 15:53:47.122" endtime="20230418 15:53:49.240"/>
</kw>
<kw name="connexion">
<arg>OUMAYMA</arg>
<arg>secret_sauce</arg>
<kw name="Input Text" library="SeleniumLibrary">
<arg>id:user-name</arg>
<arg>${username}</arg>
<doc>Types the given ``text`` into the text field identified by ``locator``.</doc>
<msg timestamp="20230418 15:53:49.244" level="INFO">Typing text 'OUMAYMA' into text field 'id:user-name'.</msg>
<status status="PASS" starttime="20230418 15:53:49.242" endtime="20230418 15:53:49.559"/>
</kw>
<kw name="Input Password" library="SeleniumLibrary">
<arg>id:password</arg>
<arg>${password}</arg>
<doc>Types the given password into the text field identified by ``locator``.</doc>
<msg timestamp="20230418 15:53:49.561" level="INFO">Typing password into text field 'id:password'.</msg>
<msg timestamp="20230418 15:53:49.693" level="INFO">Temporally setting log level to: NONE</msg>
<msg timestamp="20230418 15:53:49.841" level="INFO">Log level changed from NONE to INFO.</msg>
<status status="PASS" starttime="20230418 15:53:49.559" endtime="20230418 15:53:49.841"/>
</kw>
<kw name="Click Button" library="SeleniumLibrary">
<arg>id:login-button</arg>
<doc>Clicks the button identified by ``locator``.</doc>
<msg timestamp="20230418 15:53:49.842" level="INFO">Clicking button 'id:login-button'.</msg>
<status status="PASS" starttime="20230418 15:53:49.841" endtime="20230418 15:53:50.028"/>
</kw>
<status status="PASS" starttime="20230418 15:53:49.241" endtime="20230418 15:53:50.028"/>
</kw>
<kw name="Page Should Contain" library="SeleniumLibrary">
<arg>Epic sadface: Username and password do not match any user in this service</arg>
<doc>Verifies that current page contains ``text``.</doc>
<msg timestamp="20230418 15:53:50.072" level="INFO">Current page contains text 'Epic sadface: Username and password do not match any user in this service'.</msg>
<status status="PASS" starttime="20230418 15:53:50.028" endtime="20230418 15:53:50.072"/>
</kw>
<kw name="Close Browser" library="SeleniumLibrary" type="TEARDOWN">
<doc>Closes the current browser.</doc>
<status status="PASS" starttime="20230418 15:53:50.072" endtime="20230418 15:53:52.339"/>
</kw>
<status status="PASS" starttime="20230418 15:53:47.120" endtime="20230418 15:53:52.340"/>
</test>
<test id="s1-t4" name="Test Buy a Products" line="27">
<kw name="Open Browser" library="SeleniumLibrary" type="SETUP">
<arg>${monURL}</arg>
<arg>chrome</arg>
<doc>Opens a new browser instance to the optional ``url``.</doc>
<msg timestamp="20230418 15:53:52.347" level="INFO">Opening browser 'chrome' to base url 'https://www.saucedemo.com/'.</msg>
<status status="PASS" starttime="20230418 15:53:52.346" endtime="20230418 15:53:54.443"/>
</kw>
<kw name="connexion">
<arg>standard_user</arg>
<arg>secret_sauce</arg>
<kw name="Input Text" library="SeleniumLibrary">
<arg>id:user-name</arg>
<arg>${username}</arg>
<doc>Types the given ``text`` into the text field identified by ``locator``.</doc>
<msg timestamp="20230418 15:53:54.446" level="INFO">Typing text 'standard_user' into text field 'id:user-name'.</msg>
<status status="PASS" starttime="20230418 15:53:54.445" endtime="20230418 15:53:54.673"/>
</kw>
<kw name="Input Password" library="SeleniumLibrary">
<arg>id:password</arg>
<arg>${password}</arg>
<doc>Types the given password into the text field identified by ``locator``.</doc>
<msg timestamp="20230418 15:53:54.674" level="INFO">Typing password into text field 'id:password'.</msg>
<msg timestamp="20230418 15:53:54.787" level="INFO">Temporally setting log level to: NONE</msg>
<msg timestamp="20230418 15:53:54.960" level="INFO">Log level changed from NONE to INFO.</msg>
<status status="PASS" starttime="20230418 15:53:54.673" endtime="20230418 15:53:54.960"/>
</kw>
<kw name="Click Button" library="SeleniumLibrary">
<arg>id:login-button</arg>
<doc>Clicks the button identified by ``locator``.</doc>
<msg timestamp="20230418 15:53:54.960" level="INFO">Clicking button 'id:login-button'.</msg>
<status status="PASS" starttime="20230418 15:53:54.960" endtime="20230418 15:53:55.307"/>
</kw>
<status status="PASS" starttime="20230418 15:53:54.444" endtime="20230418 15:53:55.308"/>
</kw>
<kw name="verifier l'affichage de la page Products">
<kw name="Page Should Contain Element" library="SeleniumLibrary">
<arg>xpath://span[contains(text(),'Products')]</arg>
<doc>Verifies that element ``locator`` is found on the current page.</doc>
<msg timestamp="20230418 15:53:55.374" level="INFO">Current page contains element 'xpath://span[contains(text(),'Products')]'.</msg>
<status status="PASS" starttime="20230418 15:53:55.311" endtime="20230418 15:53:55.374"/>
</kw>
<status status="PASS" starttime="20230418 15:53:55.310" endtime="20230418 15:53:55.374"/>
</kw>
<kw name="choisir un produit">
<kw name="Click Button" library="SeleniumLibrary">
<arg>id:add-to-cart-sauce-labs-backpack</arg>
<doc>Clicks the button identified by ``locator``.</doc>
<msg timestamp="20230418 15:53:55.378" level="INFO">Clicking button 'id:add-to-cart-sauce-labs-backpack'.</msg>
<status status="PASS" starttime="20230418 15:53:55.378" endtime="20230418 15:53:55.583"/>
</kw>
<status status="PASS" starttime="20230418 15:53:55.377" endtime="20230418 15:53:55.584"/>
</kw>
<kw name="voir le panier">
<kw name="Click Element" library="SeleniumLibrary">
<arg>id:shopping_cart_container</arg>
<doc>Click the element identified by ``locator``.</doc>
<msg timestamp="20230418 15:53:55.589" level="INFO">Clicking element 'id:shopping_cart_container'.</msg>
<status status="PASS" starttime="20230418 15:53:55.587" endtime="20230418 15:53:55.746"/>
</kw>
<status status="PASS" starttime="20230418 15:53:55.586" endtime="20230418 15:53:55.747"/>
</kw>
<kw name="Close Browser" library="SeleniumLibrary" type="TEARDOWN">
<doc>Closes the current browser.</doc>
<status status="PASS" starttime="20230418 15:53:55.749" endtime="20230418 15:53:58.014"/>
</kw>
<status status="PASS" starttime="20230418 15:53:52.344" endtime="20230418 15:53:58.015"/>
</test>
<status status="PASS" starttime="20230418 15:53:35.991" endtime="20230418 15:53:58.021"/>
</suite>
<statistics>
<total>
<stat pass="4" fail="0" skip="0">All Tests</stat>
</total>
<tag>
</tag>
<suite>
<stat pass="4" fail="0" skip="0" id="s1" name="Firsttest">Firsttest</stat>
</suite>
</statistics>
<errors>
</errors>
</robot>
